This is pdfTeX, Version 3.1415926-2.5-1.40.14 (TeX Live 2013/Debian) (format=pdflatex 2017.8.23)  17 NOV 2017 12:01
entering extended mode
 restricted \write18 enabled.
 %&-line parsing enabled.
**experiments.tex
(./experiments.tex
LaTeX2e <2011/06/27>
Babel <3.9h> and hyphenation patterns for 2 languages loaded.
(/usr/share/texlive/texmf-dist/tex/latex/base/article.cls
Document Class: article 2007/10/19 v1.4h Standard LaTeX document class
(/usr/share/texlive/texmf-dist/tex/latex/base/size10.clo
File: size10.clo 2007/10/19 v1.4h Standard LaTeX file (size option)
)
\c@part=\count79
\c@section=\count80
\c@subsection=\count81
\c@subsubsection=\count82
\c@paragraph=\count83
\c@subparagraph=\count84
\c@figure=\count85
\c@table=\count86
\abovecaptionskip=\skip41
\belowcaptionskip=\skip42
\bibindent=\dimen102
)
(/usr/share/texlive/texmf-dist/tex/latex/multirow/multirow.sty
\bigstrutjot=\dimen103
)
(/usr/share/texlive/texmf-dist/tex/latex/amsmath/amsmath.sty
Package: amsmath 2013/01/14 v2.14 AMS math features
\@mathmargin=\skip43

For additional information on amsmath, use the `?' option.
(/usr/share/texlive/texmf-dist/tex/latex/amsmath/amstext.sty
Package: amstext 2000/06/29 v2.01

(/usr/share/texlive/texmf-dist/tex/latex/amsmath/amsgen.sty
File: amsgen.sty 1999/11/30 v2.0
\@emptytoks=\toks14
\ex@=\dimen104
))
(/usr/share/texlive/texmf-dist/tex/latex/amsmath/amsbsy.sty
Package: amsbsy 1999/11/29 v1.2d
\pmbraise@=\dimen105
)
(/usr/share/texlive/texmf-dist/tex/latex/amsmath/amsopn.sty
Package: amsopn 1999/12/14 v2.01 operator names
)
\inf@bad=\count87
LaTeX Info: Redefining \frac on input line 210.
\uproot@=\count88
\leftroot@=\count89
LaTeX Info: Redefining \overline on input line 306.
\classnum@=\count90
\DOTSCASE@=\count91
LaTeX Info: Redefining \ldots on input line 378.
LaTeX Info: Redefining \dots on input line 381.
LaTeX Info: Redefining \cdots on input line 466.
\Mathstrutbox@=\box26
\strutbox@=\box27
\big@size=\dimen106
LaTeX Font Info:    Redeclaring font encoding OML on input line 566.
LaTeX Font Info:    Redeclaring font encoding OMS on input line 567.
\macc@depth=\count92
\c@MaxMatrixCols=\count93
\dotsspace@=\muskip10
\c@parentequation=\count94
\dspbrk@lvl=\count95
\tag@help=\toks15
\row@=\count96
\column@=\count97
\maxfields@=\count98
\andhelp@=\toks16
\eqnshift@=\dimen107
\alignsep@=\dimen108
\tagshift@=\dimen109
\tagwidth@=\dimen110
\totwidth@=\dimen111
\lineht@=\dimen112
\@envbody=\toks17
\multlinegap=\skip44
\multlinetaggap=\skip45
\mathdisplay@stack=\toks18
LaTeX Info: Redefining \[ on input line 2665.
LaTeX Info: Redefining \] on input line 2666.
)
(/usr/share/texlive/texmf-dist/tex/latex/amsfonts/amssymb.sty
Package: amssymb 2013/01/14 v3.01 AMS font symbols

(/usr/share/texlive/texmf-dist/tex/latex/amsfonts/amsfonts.sty
Package: amsfonts 2013/01/14 v3.01 Basic AMSFonts support
\symAMSa=\mathgroup4
\symAMSb=\mathgroup5
LaTeX Font Info:    Overwriting math alphabet `\mathfrak' in version `bold'
(Font)                  U/euf/m/n --> U/euf/b/n on input line 106.
))
(./experiments.aux)
\openout1 = `experiments.aux'.

LaTeX Font Info:    Checking defaults for OML/cmm/m/it on input line 7.
LaTeX Font Info:    ... okay on input line 7.
LaTeX Font Info:    Checking defaults for T1/cmr/m/n on input line 7.
LaTeX Font Info:    ... okay on input line 7.
LaTeX Font Info:    Checking defaults for OT1/cmr/m/n on input line 7.
LaTeX Font Info:    ... okay on input line 7.
LaTeX Font Info:    Checking defaults for OMS/cmsy/m/n on input line 7.
LaTeX Font Info:    ... okay on input line 7.
LaTeX Font Info:    Checking defaults for OMX/cmex/m/n on input line 7.
LaTeX Font Info:    ... okay on input line 7.
LaTeX Font Info:    Checking defaults for U/cmr/m/n on input line 7.
LaTeX Font Info:    ... okay on input line 7.
LaTeX Font Info:    Try loading font information for U+msa on input line 13.
 (/usr/share/texlive/texmf-dist/tex/latex/amsfonts/umsa.fd
File: umsa.fd 2013/01/14 v3.01 AMS symbols A
)
LaTeX Font Info:    Try loading font information for U+msb on input line 13.

(/usr/share/texlive/texmf-dist/tex/latex/amsfonts/umsb.fd
File: umsb.fd 2013/01/14 v3.01 AMS symbols B
) (./card1.tex
Overfull \hbox (1.31873pt too wide) in paragraph at lines 2--9
[][] 
 []

) (./poss1.tex)
Overfull \hbox (12.22223pt too wide) in paragraph at lines 1--26
[]$[]$   $[]$
 []


Underfull \hbox (badness 10000) in paragraph at lines 1--26

 []

[1

{/var/lib/texmf/fonts/map/pdftex/updmap/pdftex.map}]
Overfull \hbox (32.9967pt too wide) in paragraph at lines 126--126
[]\OT1/cmtt/m/n/10 [[Kca__0, Kca__1], [Kca__0, Kca__2], [Kca__0, Kca__3], [Kca_
_1, Kca__3],[] 
 []


Overfull \hbox (69.74638pt too wide) in paragraph at lines 157--157
[]\OT1/cmtt/m/n/10 In [1]: %time allDeals0, pairRemDeals0, nPairRem0 = nDealsRe
maining(r0, pairKL)[] 
 []

[2]
Overfull \hbox (74.99634pt too wide) in paragraph at lines 157--157
[]\OT1/cmtt/m/n/10 In [236]: %time allDeals0, pairRemDeals1, nPairRem1 = nDeals
Remaining(r1, pairs)[] 
 []

[3] (./runsTab.tex
Overfull \hbox (11.33409pt too wide) in paragraph at lines 2--91
[][] 
 []

) (./possTabs.tex) [4]
Overfull \hbox (22.4968pt too wide) in paragraph at lines 251--251
[]\OT1/cmtt/m/n/10 [[0, 1, 2, 3], [0, 1, 2, 4], [0, 1, 2, 5], [0, 1, 2, 6], [0,
 1, 2, 7],[] 
 []


Overfull \hbox (22.4968pt too wide) in paragraph at lines 251--251
[] \OT1/cmtt/m/n/10 [0, 1, 2, 8], [0, 1, 2, 9], [0, 1, 3, 4], [0, 1, 3, 5], [0,
 1, 3, 6],[] 
 []


Overfull \hbox (22.4968pt too wide) in paragraph at lines 251--251
[] \OT1/cmtt/m/n/10 [0, 1, 3, 7], [0, 1, 3, 8], [0, 1, 3, 9], [0, 1, 4, 5], [0,
 1, 4, 6],[] 
 []


Overfull \hbox (22.4968pt too wide) in paragraph at lines 251--251
[] \OT1/cmtt/m/n/10 [0, 1, 4, 7], [0, 1, 4, 8], [0, 1, 4, 9], [0, 1, 5, 6], [0,
 1, 5, 7],[] 
 []


Overfull \hbox (22.4968pt too wide) in paragraph at lines 251--251
[] \OT1/cmtt/m/n/10 [0, 1, 5, 8], [0, 1, 5, 9], [0, 1, 6, 7], [0, 1, 6, 8], [0,
 1, 6, 9],[] 
 []


Overfull \hbox (22.4968pt too wide) in paragraph at lines 251--251
[] \OT1/cmtt/m/n/10 [0, 1, 7, 8], [0, 1, 7, 9], [0, 1, 8, 9], [0, 2, 3, 4], [0,
 2, 3, 5],[] 
 []


Overfull \hbox (22.4968pt too wide) in paragraph at lines 251--251
[] \OT1/cmtt/m/n/10 [0, 2, 3, 6], [0, 2, 3, 7], [0, 2, 3, 8], [0, 2, 3, 9], [0,
 2, 4, 5],[] 
 []


Overfull \hbox (22.4968pt too wide) in paragraph at lines 251--251
[] \OT1/cmtt/m/n/10 [0, 2, 4, 6], [0, 2, 4, 7], [0, 2, 4, 8], [0, 2, 4, 9], [0,
 2, 5, 6],[] 
 []


Overfull \hbox (22.4968pt too wide) in paragraph at lines 251--251
[] \OT1/cmtt/m/n/10 [0, 2, 5, 7], [0, 2, 5, 8], [0, 2, 5, 9], [0, 2, 6, 7], [0,
 2, 6, 8],[] 
 []


Overfull \hbox (22.4968pt too wide) in paragraph at lines 251--251
[] \OT1/cmtt/m/n/10 [0, 2, 6, 9], [0, 2, 7, 8], [0, 2, 7, 9], [0, 2, 8, 9], [0,
 3, 4, 5],[] 
 []


Overfull \hbox (22.4968pt too wide) in paragraph at lines 251--251
[] \OT1/cmtt/m/n/10 [0, 3, 4, 6], [0, 3, 4, 7], [0, 3, 4, 8], [0, 3, 4, 9], [0,
 3, 5, 6],[] 
 []


Overfull \hbox (22.4968pt too wide) in paragraph at lines 251--251
[] \OT1/cmtt/m/n/10 [0, 3, 5, 7], [0, 3, 5, 8], [0, 3, 5, 9], [0, 3, 6, 7], [0,
 3, 6, 8],[] 
 []


Overfull \hbox (22.4968pt too wide) in paragraph at lines 251--251
[] \OT1/cmtt/m/n/10 [0, 3, 6, 9], [0, 3, 7, 8], [0, 3, 7, 9], [0, 3, 8, 9], [0,
 4, 5, 6],[] 
 []


Overfull \hbox (22.4968pt too wide) in paragraph at lines 251--251
[] \OT1/cmtt/m/n/10 [0, 4, 5, 7], [0, 4, 5, 8], [0, 4, 5, 9], [0, 4, 6, 7], [0,
 4, 6, 8],[] 
 []


Overfull \hbox (22.4968pt too wide) in paragraph at lines 251--251
[] \OT1/cmtt/m/n/10 [0, 4, 6, 9], [0, 4, 7, 8], [0, 4, 7, 9], [0, 4, 8, 9], [0,
 5, 6, 7],[] 
 []


Overfull \hbox (22.4968pt too wide) in paragraph at lines 251--251
[] \OT1/cmtt/m/n/10 [0, 5, 6, 8], [0, 5, 6, 9], [0, 5, 7, 8], [0, 5, 7, 9], [0,
 5, 8, 9],[] 
 []


Overfull \hbox (22.4968pt too wide) in paragraph at lines 251--251
[] \OT1/cmtt/m/n/10 [0, 6, 7, 8], [0, 6, 7, 9], [0, 6, 8, 9], [0, 7, 8, 9], [1,
 2, 3, 4],[] 
 []


Overfull \hbox (22.4968pt too wide) in paragraph at lines 251--251
[] \OT1/cmtt/m/n/10 [1, 2, 3, 5], [1, 2, 3, 6], [1, 2, 3, 7], [1, 2, 3, 8], [1,
 2, 3, 9],[] 
 []


Overfull \hbox (22.4968pt too wide) in paragraph at lines 251--251
[] \OT1/cmtt/m/n/10 [1, 2, 4, 5], [1, 2, 4, 6], [1, 2, 4, 7], [1, 2, 4, 8], [1,
 2, 4, 9],[] 
 []


Overfull \hbox (22.4968pt too wide) in paragraph at lines 251--251
[] \OT1/cmtt/m/n/10 [1, 2, 5, 6], [1, 2, 5, 7], [1, 2, 5, 8], [1, 2, 5, 9], [1,
 2, 6, 7],[] 
 []


Overfull \hbox (22.4968pt too wide) in paragraph at lines 251--251
[] \OT1/cmtt/m/n/10 [1, 2, 6, 8], [1, 2, 6, 9], [1, 2, 7, 8], [1, 2, 7, 9], [1,
 2, 8, 9],[] 
 []


Overfull \hbox (22.4968pt too wide) in paragraph at lines 251--251
[] \OT1/cmtt/m/n/10 [1, 3, 4, 5], [1, 3, 4, 6], [1, 3, 4, 7], [1, 3, 4, 8], [1,
 3, 4, 9],[] 
 []


Overfull \hbox (22.4968pt too wide) in paragraph at lines 251--251
[] \OT1/cmtt/m/n/10 [1, 3, 5, 6], [1, 3, 5, 7], [1, 3, 5, 8], [1, 3, 5, 9], [1,
 3, 6, 7],[] 
 []


Overfull \hbox (22.4968pt too wide) in paragraph at lines 251--251
[] \OT1/cmtt/m/n/10 [1, 3, 6, 8], [1, 3, 6, 9], [1, 3, 7, 8], [1, 3, 7, 9], [1,
 3, 8, 9],[] 
 []


Overfull \hbox (22.4968pt too wide) in paragraph at lines 251--251
[] \OT1/cmtt/m/n/10 [1, 4, 5, 6], [1, 4, 5, 7], [1, 4, 5, 8], [1, 4, 5, 9], [1,
 4, 6, 7],[] 
 []


Overfull \hbox (22.4968pt too wide) in paragraph at lines 251--251
[] \OT1/cmtt/m/n/10 [1, 4, 6, 8], [1, 4, 6, 9], [1, 4, 7, 8], [1, 4, 7, 9], [1,
 4, 8, 9],[] 
 []


Overfull \hbox (22.4968pt too wide) in paragraph at lines 251--251
[] \OT1/cmtt/m/n/10 [1, 5, 6, 7], [1, 5, 6, 8], [1, 5, 6, 9], [1, 5, 7, 8], [1,
 5, 7, 9],[] 
 []


Overfull \hbox (22.4968pt too wide) in paragraph at lines 251--251
[] \OT1/cmtt/m/n/10 [1, 5, 8, 9], [1, 6, 7, 8], [1, 6, 7, 9], [1, 6, 8, 9], [1,
 7, 8, 9],[] 
 []


Overfull \hbox (22.4968pt too wide) in paragraph at lines 251--251
[] \OT1/cmtt/m/n/10 [2, 3, 4, 5], [2, 3, 4, 6], [2, 3, 4, 7], [2, 3, 4, 8], [2,
 3, 4, 9],[] 
 []


Overfull \hbox (22.4968pt too wide) in paragraph at lines 251--251
[] \OT1/cmtt/m/n/10 [2, 3, 5, 6], [2, 3, 5, 7], [2, 3, 5, 8], [2, 3, 5, 9], [2,
 3, 6, 7],[] 
 []


Overfull \hbox (22.4968pt too wide) in paragraph at lines 251--251
[] \OT1/cmtt/m/n/10 [2, 3, 6, 8], [2, 3, 6, 9], [2, 3, 7, 8], [2, 3, 7, 9], [2,
 3, 8, 9],[] 
 []


Overfull \hbox (22.4968pt too wide) in paragraph at lines 251--251
[] \OT1/cmtt/m/n/10 [2, 4, 5, 6], [2, 4, 5, 7], [2, 4, 5, 8], [2, 4, 5, 9], [2,
 4, 6, 7],[] 
 []


Overfull \hbox (22.4968pt too wide) in paragraph at lines 251--251
[] \OT1/cmtt/m/n/10 [2, 4, 6, 8], [2, 4, 6, 9], [2, 4, 7, 8], [2, 4, 7, 9], [2,
 4, 8, 9],[] 
 []


Overfull \hbox (22.4968pt too wide) in paragraph at lines 251--251
[] \OT1/cmtt/m/n/10 [2, 5, 6, 7], [2, 5, 6, 8], [2, 5, 6, 9], [2, 5, 7, 8], [2,
 5, 7, 9],[] 
 []


Overfull \hbox (22.4968pt too wide) in paragraph at lines 251--251
[] \OT1/cmtt/m/n/10 [2, 5, 8, 9], [2, 6, 7, 8], [2, 6, 7, 9], [2, 6, 8, 9], [2,
 7, 8, 9],[] 
 []


Overfull \hbox (22.4968pt too wide) in paragraph at lines 251--251
[] \OT1/cmtt/m/n/10 [3, 4, 5, 6], [3, 4, 5, 7], [3, 4, 5, 8], [3, 4, 5, 9], [3,
 4, 6, 7],[] 
 []


Overfull \hbox (22.4968pt too wide) in paragraph at lines 251--251
[] \OT1/cmtt/m/n/10 [3, 4, 6, 8], [3, 4, 6, 9], [3, 4, 7, 8], [3, 4, 7, 9], [3,
 4, 8, 9],[] 
 []


Overfull \hbox (22.4968pt too wide) in paragraph at lines 251--251
[] \OT1/cmtt/m/n/10 [3, 5, 6, 7], [3, 5, 6, 8], [3, 5, 6, 9], [3, 5, 7, 8], [3,
 5, 7, 9],[] 
 []


Overfull \hbox (22.4968pt too wide) in paragraph at lines 251--251
[] \OT1/cmtt/m/n/10 [3, 5, 8, 9], [3, 6, 7, 8], [3, 6, 7, 9], [3, 6, 8, 9], [3,
 7, 8, 9],[] 
 []


Overfull \hbox (22.4968pt too wide) in paragraph at lines 251--251
[] \OT1/cmtt/m/n/10 [4, 5, 6, 7], [4, 5, 6, 8], [4, 5, 6, 9], [4, 5, 7, 8], [4,
 5, 7, 9],[] 
 []


Overfull \hbox (22.4968pt too wide) in paragraph at lines 251--251
[] \OT1/cmtt/m/n/10 [4, 5, 8, 9], [4, 6, 7, 8], [4, 6, 7, 9], [4, 6, 8, 9], [4,
 7, 8, 9],[] 
 []


Overfull \hbox (22.4968pt too wide) in paragraph at lines 251--251
[] \OT1/cmtt/m/n/10 [5, 6, 7, 8], [5, 6, 7, 9], [5, 6, 8, 9], [5, 7, 8, 9], [6,
 7, 8, 9]][] 
 []

[5] (./experiments.aux) ) 
Here is how much of TeX's memory you used:
 1136 strings out of 495028
 12755 string characters out of 6181497
 71914 words of memory out of 5000000
 4375 multiletter control sequences out of 15000+600000
 7063 words of font info for 28 fonts, out of 8000000 for 9000
 14 hyphenation exceptions out of 8191
 27i,12n,26p,227b,245s stack positions out of 5000i,500n,10000p,200000b,80000s
</usr/share/texlive/texmf-dist/fonts/type1/public/amsf
onts/cm/cmbx12.pfb></usr/share/texlive/texmf-dist/fonts/type1/public/amsfonts/c
m/cmmi10.pfb></usr/share/texlive/texmf-dist/fonts/type1/public/amsfonts/cm/cmmi
7.pfb></usr/share/texlive/texmf-dist/fonts/type1/public/amsfonts/cm/cmr10.pfb><
/usr/share/texlive/texmf-dist/fonts/type1/public/amsfonts/cm/cmr7.pfb></usr/sha
re/texlive/texmf-dist/fonts/type1/public/amsfonts/cm/cmsy10.pfb></usr/share/tex
live/texmf-dist/fonts/type1/public/amsfonts/cm/cmti10.pfb></usr/share/texlive/t
exmf-dist/fonts/type1/public/amsfonts/cm/cmtt10.pfb>
Output written on experiments.pdf (5 pages, 107912 bytes).
PDF statistics:
 52 PDF objects out of 1000 (max. 8388607)
 36 compressed objects within 1 object stream
 0 named destinations out of 1000 (max. 500000)
 1 words of extra memory for PDF output out of 10000 (max. 10000000)

